Created by PLY version 3.4 (http://www.dabeaz.com/ply)

Unused terminals:

    SETMINVALUE
    PRINT
    COMMENT
    PRINTLN
    SIMPLEQUOTE
    RDOUBLEQUOTE
    SETMAXVALUE
    SETSIZE

Grammar

Rule 0     S' -> program
Rule 1     program -> PROGRAM instruction
Rule 2     instructionBlock -> instruction SEMICOLON
Rule 3     instructionBlock -> instruction SEMICOLON instructionBlock
Rule 4     instructionBlock -> empty
Rule 5     instruction -> IDENTIFIER ASSIGN expression
Rule 6     instruction -> IDENTIFIER ASSIGN set
Rule 7     instruction -> ifInst
Rule 8     instruction -> printOutput
Rule 9     instruction -> whileInst
Rule 10    instruction -> repeatInst
Rule 11    instruction -> forInst
Rule 12    instruction -> scanInst
Rule 13    instruction -> block
Rule 14    declarationBlock -> types id SEMICOLON
Rule 15    declarationBlock -> types id SEMICOLON declarationBlock
Rule 16    types -> INT
Rule 17    types -> BOOL
Rule 18    types -> SET
Rule 19    id -> IDENTIFIER
Rule 20    id -> IDENTIFIER COMMA id
Rule 21    block -> LCURLY usingInInst RCURLY
Rule 22    block -> LCURLY instructionBlock RCURLY
Rule 23    empty -> <empty>
Rule 24    usingInInst -> USING declarationBlock IN instructionBlock
Rule 25    set -> LCURLY setNumbers RCURLY
Rule 26    setNumbers -> expression COMMA setNumbers
Rule 27    setNumbers -> expression
Rule 28    ifInst -> IF LPAREN expression RPAREN instruction
Rule 29    ifInst -> IF LPAREN expression RPAREN instruction ELSE instruction
Rule 30    forInst -> FOR IDENTIFIER direction IDENTIFIER DO instruction
Rule 31    forInst -> FOR IDENTIFIER direction set DO instruction
Rule 32    whileInst -> WHILE LPAREN expression RPAREN DO instruction
Rule 33    repeatInst -> REPEAT instruction whileInst
Rule 34    scanInst -> SCAN expression
Rule 35    direction -> MIN
Rule 36    direction -> MAX
Rule 37    printOutput -> print outputType
Rule 38    printOutput -> printLN outputType
Rule 39    outputType -> STRING
Rule 40    outputType -> expression
Rule 41    outputType -> expression COMMA outputType
Rule 42    expression -> binaryOp
Rule 43    binaryOp -> binaryOp PLUS binaryOp
Rule 44    binaryOp -> binaryOp MINUS binaryOp
Rule 45    binaryOp -> binaryOp TIMES binaryOp
Rule 46    binaryOp -> binaryOp DIVIDE binaryOp
Rule 47    binaryOp -> binaryOp MODULE binaryOp
Rule 48    binaryOp -> binaryOp AND binaryOp
Rule 49    binaryOp -> binaryOp OR binaryOp
Rule 50    binaryOp -> NOT binaryOp
Rule 51    binaryOp -> MINUS binaryOp
Rule 52    binaryOp -> LPAREN binaryOp RPAREN
Rule 53    binaryOp -> binaryOp LESSTHAN binaryOp
Rule 54    binaryOp -> binaryOp LESSEQUALTHAN binaryOp
Rule 55    binaryOp -> binaryOp GREATERTHAN binaryOp
Rule 56    binaryOp -> binaryOp GREATEREQUALTHAN binaryOp
Rule 57    binaryOp -> binaryOp EQUALS binaryOp
Rule 58    binaryOp -> binaryOp NOTEQUALS binaryOp
Rule 59    binaryOp -> binaryOp SETUNION binaryOp
Rule 60    binaryOp -> binaryOp SETDIFF binaryOp
Rule 61    binaryOp -> binaryOp SETINTERSECT binaryOp
Rule 62    binaryOp -> binaryOp SETMAPPLUS binaryOp
Rule 63    binaryOp -> binaryOp SETMAPMINUS binaryOp
Rule 64    binaryOp -> binaryOp SETMAPTIMES binaryOp
Rule 65    binaryOp -> binaryOp SETMAPDIVIDE binaryOp
Rule 66    binaryOp -> binaryOp SETMAPMODULE binaryOp
Rule 67    binaryOp -> binaryOp BELONGSTO binaryOp
Rule 68    binaryOp -> TRUE
Rule 69    binaryOp -> FALSE
Rule 70    binaryOp -> number
Rule 71    binaryOp -> set
Rule 72    binaryOp -> IDENTIFIER
Rule 73    number -> NUMBER

Terminals, with rules where they appear

AND                  : 48
ASSIGN               : 5 6
BELONGSTO            : 67
BOOL                 : 17
COMMA                : 20 26 41
COMMENT              : 
DIVIDE               : 46
DO                   : 30 31 32
ELSE                 : 29
EQUALS               : 57
FALSE                : 69
FOR                  : 30 31
GREATEREQUALTHAN     : 56
GREATERTHAN          : 55
IDENTIFIER           : 5 6 19 20 30 30 31 72
IF                   : 28 29
IN                   : 24
INT                  : 16
LCURLY               : 21 22 25
LESSEQUALTHAN        : 54
LESSTHAN             : 53
LPAREN               : 28 29 32 52
MAX                  : 36
MIN                  : 35
MINUS                : 44 51
MODULE               : 47
NOT                  : 50
NOTEQUALS            : 58
NUMBER               : 73
OR                   : 49
PLUS                 : 43
PRINT                : 
PRINTLN              : 
PROGRAM              : 1
RCURLY               : 21 22 25
RDOUBLEQUOTE         : 
REPEAT               : 33
RPAREN               : 28 29 32 52
SCAN                 : 34
SEMICOLON            : 2 3 14 15
SET                  : 18
SETDIFF              : 60
SETINTERSECT         : 61
SETMAPDIVIDE         : 65
SETMAPMINUS          : 63
SETMAPMODULE         : 66
SETMAPPLUS           : 62
SETMAPTIMES          : 64
SETMAXVALUE          : 
SETMINVALUE          : 
SETSIZE              : 
SETUNION             : 59
SIMPLEQUOTE          : 
STRING               : 39
TIMES                : 45
TRUE                 : 68
USING                : 24
WHILE                : 32
error                : 

Nonterminals, with rules where they appear

binaryOp             : 42 43 43 44 44 45 45 46 46 47 47 48 48 49 49 50 51 52 53 53 54 54 55 55 56 56 57 57 58 58 59 59 60 60 61 61 62 62 63 63 64 64 65 65 66 66 67 67
block                : 13
declarationBlock     : 15 24
direction            : 30 31
empty                : 4
expression           : 5 26 27 28 29 32 34 40 41
forInst              : 11
id                   : 14 15 20
ifInst               : 7
instruction          : 1 2 3 28 29 29 30 31 32 33
instructionBlock     : 3 22 24
number               : 70
outputType           : 37 38 41
print                : 37
printLN              : 38
printOutput          : 8
program              : 0
repeatInst           : 10
scanInst             : 12
set                  : 6 31 71
setNumbers           : 25 26
types                : 14 15
usingInInst          : 21
whileInst            : 9 33

